<?xml version="1.0" encoding="UTF-8"?>
<testng-results ignored="0" total="2" passed="2" failed="0" skipped="0">
  <reporter-output>
  </reporter-output>
  <suite started-at="2022-10-19T18:59:25 ICT" name="Default Suite" finished-at="2022-10-19T18:59:29 ICT" duration-ms="4372">
    <groups>
    </groups>
    <test started-at="2022-10-19T18:59:25 ICT" name="RESTassured_API" finished-at="2022-10-19T18:59:29 ICT" duration-ms="4372">
      <class name="APITest">
        <test-method signature="test1()[pri:0, instance:APITest@448ff1a8]" started-at="2022-10-19T18:59:25 ICT" name="test1" finished-at="2022-10-19T18:59:28 ICT" duration-ms="3279" status="PASS">
          <reporter-output>
          </reporter-output>
        </test-method> <!-- test1 -->
        <test-method signature="test2()[pri:0, instance:APITest@448ff1a8]" started-at="2022-10-19T18:59:28 ICT" name="test2" finished-at="2022-10-19T18:59:29 ICT" duration-ms="1057" status="PASS">
          <reporter-output>
          </reporter-output>
        </test-method> <!-- test2 -->
      </class> <!-- APITest -->
    </test> <!-- RESTassured_API -->
  </suite> <!-- Default Suite -->
</testng-results>
